=== nuevos desarrollos para v0.7 ===
- Se arregla el parámetro TileMatrixSet en servicios WMTS
- Se arregla aplicar estilos categoricos en geojson no locales y servicios
- Se añaden Geotiff


=== nuevos desarrollos para v0.6 ===

- Se añade la fuente de datos MapLibre para ser exportado (JSON de estilos en servicios MVT)
- Se dejan fijadas las versiones de las librerías de API-CNIG (versión 5.0.0 para el núcleo y 2.0.0 para el selector de capas)
- Se añade componenente de comparación
- Se separa HTML, JS y CSS 

=== nuevos desarrollos para v0.5 ===

- Se arregla problema al definir el nombre de las capas vectoriales
- Se añade estilo categórico a la exportación

=== nuevos desarrollos para v0.4 ===

- Se añade el nuevo selector de capas

=== nuevos desarrollos para v0.3 ===

- Se exportan el estilo básico de los servicios MVT (teselas vectoriales)
- Se arregla la exportación de archivos locales cuando no tienen nombre de capa asociado

=== nuevos desarrollos para v0.2 ===

- Se exportan a geojson local aquellas fuentes de datos no contempladas en apiidee
- Se añade documentación en el reedme de la página principal del repositorio y en la página de información del complemento